<?xml version="1.0" encoding="UTF-8"?>
<testsuite name="com.gtaaustin.CRM.service.ValidationServiceTest" tests="2" skipped="0" failures="0" errors="0" timestamp="2019-12-06T15:04:01" hostname="felix" time="0.006">
  <properties/>
  <testcase name="testIsEmail" classname="com.gtaaustin.CRM.service.ValidationServiceTest" time="0.003"/>
  <testcase name="testIsPhone" classname="com.gtaaustin.CRM.service.ValidationServiceTest" time="0.002"/>
  <system-out><![CDATA[2019-12-06 09:04:01.166  INFO 16599 --- [    Test worker] .b.t.c.SpringBootTestContextBootstrapper : Neither @ContextConfiguration nor @ContextHierarchy found for test class [com.gtaaustin.CRM.service.ValidationServiceTest], using SpringBootContextLoader
2019-12-06 09:04:01.166  INFO 16599 --- [    Test worker] o.s.t.c.support.AbstractContextLoader    : Could not detect default resource locations for test class [com.gtaaustin.CRM.service.ValidationServiceTest]: no resource found for suffixes {-context.xml, Context.groovy}.
2019-12-06 09:04:01.167  INFO 16599 --- [    Test worker] t.c.s.AnnotationConfigContextLoaderUtils : Could not detect default configuration classes for test class [com.gtaaustin.CRM.service.ValidationServiceTest]: ValidationServiceTest does not declare any static, non-private, non-final, nested classes annotated with @Configuration.
2019-12-06 09:04:01.168  INFO 16599 --- [    Test worker] .b.t.c.SpringBootTestContextBootstrapper : Found @SpringBootConfiguration com.gtaaustin.ApiApplication for test class com.gtaaustin.CRM.service.ValidationServiceTest
2019-12-06 09:04:01.170  INFO 16599 --- [    Test worker] .b.t.c.SpringBootTestContextBootstrapper : Loaded default TestExecutionListener class names from location [META-INF/spring.factories]: [org.springframework.boot.test.autoconfigure.restdocs.RestDocsTestExecutionListener, org.springframework.boot.test.autoconfigure.web.client.MockRestServiceServerResetTestExecutionListener, org.springframework.boot.test.autoconfigure.web.servlet.MockMvcPrintOnlyOnFailureTestExecutionListener, org.springframework.boot.test.autoconfigure.web.servlet.WebDriverTestExecutionListener, org.springframework.boot.test.mock.mockito.MockitoTestExecutionListener, org.springframework.boot.test.mock.mockito.ResetMocksTestExecutionListener, org.springframework.test.context.web.ServletTestExecutionListener, org.springframework.test.context.support.DirtiesContextBeforeModesTestExecutionListener, org.springframework.test.context.support.DependencyInjectionTestExecutionListener, org.springframework.test.context.support.DirtiesContextTestExecutionListener, org.springframework.test.context.transaction.TransactionalTestExecutionListener, org.springframework.test.context.jdbc.SqlScriptsTestExecutionListener]
2019-12-06 09:04:01.170  INFO 16599 --- [    Test worker] .b.t.c.SpringBootTestContextBootstrapper : Using TestExecutionListeners: [org.springframework.test.context.web.ServletTestExecutionListener@19eb8c25, org.springframework.test.context.support.DirtiesContextBeforeModesTestExecutionListener@58c37e7b, org.springframework.boot.test.mock.mockito.MockitoTestExecutionListener@6b50517c, org.springframework.boot.test.autoconfigure.SpringBootDependencyInjectionTestExecutionListener@3404fe31, org.springframework.test.context.support.DirtiesContextTestExecutionListener@71cbc630, org.springframework.test.context.transaction.TransactionalTestExecutionListener@32384ed4, org.springframework.test.context.jdbc.SqlScriptsTestExecutionListener@5b0a225e, org.springframework.boot.test.autoconfigure.restdocs.RestDocsTestExecutionListener@486cba78, org.springframework.boot.test.autoconfigure.web.client.MockRestServiceServerResetTestExecutionListener@67390f03, org.springframework.boot.test.autoconfigure.web.servlet.MockMvcPrintOnlyOnFailureTestExecutionListener@1787b3de, org.springframework.boot.test.autoconfigure.web.servlet.WebDriverTestExecutionListener@1d157ba2, org.springframework.boot.test.mock.mockito.ResetMocksTestExecutionListener@3087ad02]
]]></system-out>
  <system-err><![CDATA[]]></system-err>
</testsuite>
