<?xml version="1.0" encoding="UTF-8"?>
<testsuite name="com.gtaaustin.CRM.service.LeadAbuseServiceTest" tests="1" skipped="0" failures="0" errors="0" timestamp="2019-12-06T15:04:01" hostname="felix" time="0.02">
  <properties/>
  <testcase name="testContainsAbusiveLanguage" classname="com.gtaaustin.CRM.service.LeadAbuseServiceTest" time="0.02"/>
  <system-out><![CDATA[2019-12-06 09:04:01.121  INFO 16599 --- [    Test worker] .b.t.c.SpringBootTestContextBootstrapper : Neither @ContextConfiguration nor @ContextHierarchy found for test class [com.gtaaustin.CRM.service.LeadAbuseServiceTest], using SpringBootContextLoader
2019-12-06 09:04:01.122  INFO 16599 --- [    Test worker] o.s.t.c.support.AbstractContextLoader    : Could not detect default resource locations for test class [com.gtaaustin.CRM.service.LeadAbuseServiceTest]: no resource found for suffixes {-context.xml, Context.groovy}.
2019-12-06 09:04:01.122  INFO 16599 --- [    Test worker] t.c.s.AnnotationConfigContextLoaderUtils : Could not detect default configuration classes for test class [com.gtaaustin.CRM.service.LeadAbuseServiceTest]: LeadAbuseServiceTest does not declare any static, non-private, non-final, nested classes annotated with @Configuration.
2019-12-06 09:04:01.129  INFO 16599 --- [    Test worker] .b.t.c.SpringBootTestContextBootstrapper : Found @SpringBootConfiguration com.gtaaustin.ApiApplication for test class com.gtaaustin.CRM.service.LeadAbuseServiceTest
2019-12-06 09:04:01.130  INFO 16599 --- [    Test worker] .b.t.c.SpringBootTestContextBootstrapper : Loaded default TestExecutionListener class names from location [META-INF/spring.factories]: [org.springframework.boot.test.autoconfigure.restdocs.RestDocsTestExecutionListener, org.springframework.boot.test.autoconfigure.web.client.MockRestServiceServerResetTestExecutionListener, org.springframework.boot.test.autoconfigure.web.servlet.MockMvcPrintOnlyOnFailureTestExecutionListener, org.springframework.boot.test.autoconfigure.web.servlet.WebDriverTestExecutionListener, org.springframework.boot.test.mock.mockito.MockitoTestExecutionListener, org.springframework.boot.test.mock.mockito.ResetMocksTestExecutionListener, org.springframework.test.context.web.ServletTestExecutionListener, org.springframework.test.context.support.DirtiesContextBeforeModesTestExecutionListener, org.springframework.test.context.support.DependencyInjectionTestExecutionListener, org.springframework.test.context.support.DirtiesContextTestExecutionListener, org.springframework.test.context.transaction.TransactionalTestExecutionListener, org.springframework.test.context.jdbc.SqlScriptsTestExecutionListener]
2019-12-06 09:04:01.130  INFO 16599 --- [    Test worker] .b.t.c.SpringBootTestContextBootstrapper : Using TestExecutionListeners: [org.springframework.test.context.web.ServletTestExecutionListener@1e35adfd, org.springframework.test.context.support.DirtiesContextBeforeModesTestExecutionListener@581d5c0f, org.springframework.boot.test.mock.mockito.MockitoTestExecutionListener@51e53b18, org.springframework.boot.test.autoconfigure.SpringBootDependencyInjectionTestExecutionListener@1bb3c5ce, org.springframework.test.context.support.DirtiesContextTestExecutionListener@28dad900, org.springframework.test.context.transaction.TransactionalTestExecutionListener@1a950530, org.springframework.test.context.jdbc.SqlScriptsTestExecutionListener@62d0d081, org.springframework.boot.test.autoconfigure.restdocs.RestDocsTestExecutionListener@67c8e4a0, org.springframework.boot.test.autoconfigure.web.client.MockRestServiceServerResetTestExecutionListener@19242380, org.springframework.boot.test.autoconfigure.web.servlet.MockMvcPrintOnlyOnFailureTestExecutionListener@2baa0911, org.springframework.boot.test.autoconfigure.web.servlet.WebDriverTestExecutionListener@4f9a903d, org.springframework.boot.test.mock.mockito.ResetMocksTestExecutionListener@6f57808a]
]]></system-out>
  <system-err><![CDATA[]]></system-err>
</testsuite>
