<?xml version="1.0" encoding="UTF-8"?>
<testsuite name="com.gtaaustin.ApiApplicationTests" tests="1" skipped="0" failures="0" errors="0" timestamp="2019-12-06T15:04:01" hostname="felix" time="0.043">
  <properties/>
  <testcase name="contextLoads" classname="com.gtaaustin.ApiApplicationTests" time="0.043"/>
  <system-out><![CDATA[09:03:55.620 [Test worker] DEBUG org.springframework.test.context.junit4.SpringJUnit4ClassRunner - SpringJUnit4ClassRunner constructor called with [class com.gtaaustin.ApiApplicationTests]
09:03:55.627 [Test worker] DEBUG org.springframework.test.context.BootstrapUtils - Instantiating CacheAwareContextLoaderDelegate from class [org.springframework.test.context.cache.DefaultCacheAwareContextLoaderDelegate]
09:03:55.635 [Test worker] DEBUG org.springframework.test.context.BootstrapUtils - Instantiating BootstrapContext using constructor [public org.springframework.test.context.support.DefaultBootstrapContext(java.lang.Class,org.springframework.test.context.CacheAwareContextLoaderDelegate)]
09:03:55.654 [Test worker] DEBUG org.springframework.test.context.BootstrapUtils - Instantiating TestContextBootstrapper for test class [com.gtaaustin.ApiApplicationTests] from class [org.springframework.boot.test.context.SpringBootTestContextBootstrapper]
09:03:55.665 [Test worker] INFO org.springframework.boot.test.context.SpringBootTestContextBootstrapper - Neither @ContextConfiguration nor @ContextHierarchy found for test class [com.gtaaustin.ApiApplicationTests], using SpringBootContextLoader
09:03:55.668 [Test worker] DEBUG org.springframework.test.context.support.AbstractContextLoader - Did not detect default resource location for test class [com.gtaaustin.ApiApplicationTests]: class path resource [com/gtaaustin/ApiApplicationTests-context.xml] does not exist
09:03:55.669 [Test worker] DEBUG org.springframework.test.context.support.AbstractContextLoader - Did not detect default resource location for test class [com.gtaaustin.ApiApplicationTests]: class path resource [com/gtaaustin/ApiApplicationTestsContext.groovy] does not exist
09:03:55.669 [Test worker] INFO org.springframework.test.context.support.AbstractContextLoader - Could not detect default resource locations for test class [com.gtaaustin.ApiApplicationTests]: no resource found for suffixes {-context.xml, Context.groovy}.
09:03:55.670 [Test worker] INFO org.springframework.test.context.support.AnnotationConfigContextLoaderUtils - Could not detect default configuration classes for test class [com.gtaaustin.ApiApplicationTests]: ApiApplicationTests does not declare any static, non-private, non-final, nested classes annotated with @Configuration.
09:03:55.712 [Test worker] DEBUG org.springframework.test.context.support.ActiveProfilesUtils - Could not find an 'annotation declaring class' for annotation type [org.springframework.test.context.ActiveProfiles] and class [com.gtaaustin.ApiApplicationTests]
09:03:55.776 [Test worker] DEBUG org.springframework.context.annotation.ClassPathScanningCandidateComponentProvider - Identified candidate component class: file [/home/seth/Projects/GTA/api/build/classes/java/main/com/gtaaustin/ApiApplication.class]
09:03:55.777 [Test worker] INFO org.springframework.boot.test.context.SpringBootTestContextBootstrapper - Found @SpringBootConfiguration com.gtaaustin.ApiApplication for test class com.gtaaustin.ApiApplicationTests
09:03:55.868 [Test worker] DEBUG org.springframework.boot.test.context.SpringBootTestContextBootstrapper - @TestExecutionListeners is not present for class [com.gtaaustin.ApiApplicationTests]: using defaults.
09:03:55.869 [Test worker] INFO org.springframework.boot.test.context.SpringBootTestContextBootstrapper - Loaded default TestExecutionListener class names from location [META-INF/spring.factories]: [org.springframework.boot.test.autoconfigure.restdocs.RestDocsTestExecutionListener, org.springframework.boot.test.autoconfigure.web.client.MockRestServiceServerResetTestExecutionListener, org.springframework.boot.test.autoconfigure.web.servlet.MockMvcPrintOnlyOnFailureTestExecutionListener, org.springframework.boot.test.autoconfigure.web.servlet.WebDriverTestExecutionListener, org.springframework.boot.test.mock.mockito.MockitoTestExecutionListener, org.springframework.boot.test.mock.mockito.ResetMocksTestExecutionListener, org.springframework.test.context.web.ServletTestExecutionListener, org.springframework.test.context.support.DirtiesContextBeforeModesTestExecutionListener, org.springframework.test.context.support.DependencyInjectionTestExecutionListener, org.springframework.test.context.support.DirtiesContextTestExecutionListener, org.springframework.test.context.transaction.TransactionalTestExecutionListener, org.springframework.test.context.jdbc.SqlScriptsTestExecutionListener]
09:03:55.884 [Test worker] INFO org.springframework.boot.test.context.SpringBootTestContextBootstrapper - Using TestExecutionListeners: [org.springframework.test.context.web.ServletTestExecutionListener@79591c8c, org.springframework.test.context.support.DirtiesContextBeforeModesTestExecutionListener@2d80fca9, org.springframework.boot.test.mock.mockito.MockitoTestExecutionListener@1bb6967c, org.springframework.boot.test.autoconfigure.SpringBootDependencyInjectionTestExecutionListener@71ebbec5, org.springframework.test.context.support.DirtiesContextTestExecutionListener@40e77108, org.springframework.test.context.transaction.TransactionalTestExecutionListener@6a28b809, org.springframework.test.context.jdbc.SqlScriptsTestExecutionListener@4582c646, org.springframework.boot.test.autoconfigure.restdocs.RestDocsTestExecutionListener@69b355a5, org.springframework.boot.test.autoconfigure.web.client.MockRestServiceServerResetTestExecutionListener@122716aa, org.springframework.boot.test.autoconfigure.web.servlet.MockMvcPrintOnlyOnFailureTestExecutionListener@3de00c17, org.springframework.boot.test.autoconfigure.web.servlet.WebDriverTestExecutionListener@6e834d1b, org.springframework.boot.test.mock.mockito.ResetMocksTestExecutionListener@1dee3313]
09:03:55.887 [Test worker] DEBUG org.springframework.test.annotation.ProfileValueUtils - Retrieved @ProfileValueSourceConfiguration [null] for test class [com.gtaaustin.ApiApplicationTests]
09:03:55.887 [Test worker] DEBUG org.springframework.test.annotation.ProfileValueUtils - Retrieved ProfileValueSource type [class org.springframework.test.annotation.SystemProfileValueSource] for class [com.gtaaustin.ApiApplicationTests]
09:03:55.888 [Test worker] DEBUG org.springframework.test.annotation.ProfileValueUtils - Retrieved @ProfileValueSourceConfiguration [null] for test class [com.gtaaustin.ApiApplicationTests]
09:03:55.888 [Test worker] DEBUG org.springframework.test.annotation.ProfileValueUtils - Retrieved ProfileValueSource type [class org.springframework.test.annotation.SystemProfileValueSource] for class [com.gtaaustin.ApiApplicationTests]
09:03:55.893 [Test worker] DEBUG org.springframework.test.context.support.AbstractDirtiesContextTestExecutionListener - Before test class: context [DefaultTestContext@195d60e5 testClass = ApiApplicationTests, testInstance = [null], testMethod = [null], testException = [null], mergedContextConfiguration = [WebMergedContextConfiguration@4c0b04f testClass = ApiApplicationTests, locations = '{}', classes = '{class com.gtaaustin.ApiApplication}', contextInitializerClasses = '[]', activeProfiles = '{}', propertySourceLocations = '{}', propertySourceProperties = '{org.springframework.boot.test.context.SpringBootTestContextBootstrapper=true}', contextCustomizers = set[org.springframework.boot.test.autoconfigure.properties.PropertyMappingContextCustomizer@0, org.springframework.boot.test.autoconfigure.web.servlet.WebDriverContextCustomizerFactory$Customizer@1e9e2278, org.springframework.boot.test.context.filter.ExcludeFilterContextCustomizer@1761aa08, org.springframework.boot.test.json.DuplicateJsonObjectContextCustomizerFactory$DuplicateJsonObjectContextCustomizer@5ada3bdb, org.springframework.boot.test.mock.mockito.MockitoContextCustomizer@0, org.springframework.boot.test.web.client.TestRestTemplateContextCustomizer@43c059ed], resourceBasePath = 'src/main/webapp', contextLoader = 'org.springframework.boot.test.context.SpringBootContextLoader', parent = [null]], attributes = map['org.springframework.test.context.web.ServletTestExecutionListener.activateListener' -> true]], class annotated with @DirtiesContext [false] with mode [null].
09:03:55.894 [Test worker] DEBUG org.springframework.test.annotation.ProfileValueUtils - Retrieved @ProfileValueSourceConfiguration [null] for test class [com.gtaaustin.ApiApplicationTests]
09:03:55.894 [Test worker] DEBUG org.springframework.test.annotation.ProfileValueUtils - Retrieved ProfileValueSource type [class org.springframework.test.annotation.SystemProfileValueSource] for class [com.gtaaustin.ApiApplicationTests]
09:03:55.913 [Test worker] DEBUG org.springframework.test.context.support.TestPropertySourceUtils - Adding inlined properties to environment: {spring.jmx.enabled=false, org.springframework.boot.test.context.SpringBootTestContextBootstrapper=true, server.port=-1}

  .   ____          _            __ _ _
 /\\ / ___'_ __ _ _(_)_ __  __ _ \ \ \ \
( ( )\___ | '_ | '_| | '_ \/ _` | \ \ \ \
 \\/  ___)| |_)| | | | | || (_| |  ) ) ) )
  '  |____| .__|_| |_|_| |_\__, | / / / /
 =========|_|==============|___/=/_/_/_/
 :: Spring Boot ::        (v2.1.3.RELEASE)

2019-12-06 09:03:56.156  INFO 16599 --- [    Test worker] com.gtaaustin.ApiApplicationTests        : Starting ApiApplicationTests on felix with PID 16599 (started by seth in /home/seth/Projects/GTA/api)
2019-12-06 09:03:56.158  INFO 16599 --- [    Test worker] com.gtaaustin.ApiApplicationTests        : No active profile set, falling back to default profiles: default
2019-12-06 09:03:56.883  INFO 16599 --- [    Test worker] .s.d.r.c.RepositoryConfigurationDelegate : Bootstrapping Spring Data repositories in DEFAULT mode.
2019-12-06 09:03:56.989  INFO 16599 --- [    Test worker] .s.d.r.c.RepositoryConfigurationDelegate : Finished Spring Data repository scanning in 98ms. Found 8 repository interfaces.
2019-12-06 09:03:57.443  INFO 16599 --- [    Test worker] trationDelegate$BeanPostProcessorChecker : Bean 'org.springframework.transaction.annotation.ProxyTransactionManagementConfiguration' of type [org.springframework.transaction.annotation.ProxyTransactionManagementConfiguration$$EnhancerBySpringCGLIB$$b2113322] is not eligible for getting processed by all BeanPostProcessors (for example: not eligible for auto-proxying)
2019-12-06 09:03:57.681  INFO 16599 --- [    Test worker] com.zaxxer.hikari.HikariDataSource       : HikariPool-1 - Starting...
2019-12-06 09:03:57.917  INFO 16599 --- [    Test worker] com.zaxxer.hikari.HikariDataSource       : HikariPool-1 - Start completed.
2019-12-06 09:03:57.995  INFO 16599 --- [    Test worker] o.hibernate.jpa.internal.util.LogHelper  : HHH000204: Processing PersistenceUnitInfo [
	name: default
	...]
2019-12-06 09:03:58.053  INFO 16599 --- [    Test worker] org.hibernate.Version                    : HHH000412: Hibernate Core {5.3.7.Final}
2019-12-06 09:03:58.054  INFO 16599 --- [    Test worker] org.hibernate.cfg.Environment            : HHH000206: hibernate.properties not found
2019-12-06 09:03:58.180  INFO 16599 --- [    Test worker] o.hibernate.annotations.common.Version   : HCANN000001: Hibernate Commons Annotations {5.0.4.Final}
2019-12-06 09:03:58.302  INFO 16599 --- [    Test worker] org.hibernate.dialect.Dialect            : HHH000400: Using dialect: org.hibernate.dialect.H2Dialect
2019-12-06 09:03:59.134  INFO 16599 --- [    Test worker] o.h.t.schema.internal.SchemaCreatorImpl  : HHH000476: Executing import script 'org.hibernate.tool.schema.internal.exec.ScriptSourceInputNonExistentImpl@67fcf7d9'
2019-12-06 09:03:59.137  INFO 16599 --- [    Test worker] j.LocalContainerEntityManagerFactoryBean : Initialized JPA EntityManagerFactory for persistence unit 'default'
2019-12-06 09:03:59.420  INFO 16599 --- [    Test worker] o.h.h.i.QueryTranslatorFactoryInitiator  : HHH000397: Using ASTQueryTranslatorFactory
2019-12-06 09:04:00.571  INFO 16599 --- [    Test worker] o.s.s.concurrent.ThreadPoolTaskExecutor  : Initializing ExecutorService 'applicationTaskExecutor'
2019-12-06 09:04:00.636  WARN 16599 --- [    Test worker] aWebConfiguration$JpaWebMvcConfiguration : spring.jpa.open-in-view is enabled by default. Therefore, database queries may be performed during view rendering. Explicitly configure spring.jpa.open-in-view to disable this warning
2019-12-06 09:04:01.052  INFO 16599 --- [    Test worker] s.a.ScheduledAnnotationBeanPostProcessor : No TaskScheduler/ScheduledExecutorService bean found for scheduled processing
2019-12-06 09:04:01.060  INFO 16599 --- [    Test worker] com.gtaaustin.ApiApplicationTests        : Started ApiApplicationTests in 5.14 seconds (JVM running for 6.178)
]]></system-out>
  <system-err><![CDATA[]]></system-err>
</testsuite>
