<?xml version="1.0" encoding="UTF-8"?>
<testsuite name="com.gtaaustin.CRM.service.TemplateServiceTest" tests="1" skipped="0" failures="0" errors="0" timestamp="2019-12-06T15:04:01" hostname="felix" time="0.003">
  <properties/>
  <testcase name="testProcessTemplate" classname="com.gtaaustin.CRM.service.TemplateServiceTest" time="0.003"/>
  <system-out><![CDATA[2019-12-06 09:04:01.155  INFO 16599 --- [    Test worker] .b.t.c.SpringBootTestContextBootstrapper : Neither @ContextConfiguration nor @ContextHierarchy found for test class [com.gtaaustin.CRM.service.TemplateServiceTest], using SpringBootContextLoader
2019-12-06 09:04:01.155  INFO 16599 --- [    Test worker] o.s.t.c.support.AbstractContextLoader    : Could not detect default resource locations for test class [com.gtaaustin.CRM.service.TemplateServiceTest]: no resource found for suffixes {-context.xml, Context.groovy}.
2019-12-06 09:04:01.155  INFO 16599 --- [    Test worker] t.c.s.AnnotationConfigContextLoaderUtils : Could not detect default configuration classes for test class [com.gtaaustin.CRM.service.TemplateServiceTest]: TemplateServiceTest does not declare any static, non-private, non-final, nested classes annotated with @Configuration.
2019-12-06 09:04:01.156  INFO 16599 --- [    Test worker] .b.t.c.SpringBootTestContextBootstrapper : Found @SpringBootConfiguration com.gtaaustin.ApiApplication for test class com.gtaaustin.CRM.service.TemplateServiceTest
2019-12-06 09:04:01.158  INFO 16599 --- [    Test worker] .b.t.c.SpringBootTestContextBootstrapper : Loaded default TestExecutionListener class names from location [META-INF/spring.factories]: [org.springframework.boot.test.autoconfigure.restdocs.RestDocsTestExecutionListener, org.springframework.boot.test.autoconfigure.web.client.MockRestServiceServerResetTestExecutionListener, org.springframework.boot.test.autoconfigure.web.servlet.MockMvcPrintOnlyOnFailureTestExecutionListener, org.springframework.boot.test.autoconfigure.web.servlet.WebDriverTestExecutionListener, org.springframework.boot.test.mock.mockito.MockitoTestExecutionListener, org.springframework.boot.test.mock.mockito.ResetMocksTestExecutionListener, org.springframework.test.context.web.ServletTestExecutionListener, org.springframework.test.context.support.DirtiesContextBeforeModesTestExecutionListener, org.springframework.test.context.support.DependencyInjectionTestExecutionListener, org.springframework.test.context.support.DirtiesContextTestExecutionListener, org.springframework.test.context.transaction.TransactionalTestExecutionListener, org.springframework.test.context.jdbc.SqlScriptsTestExecutionListener]
2019-12-06 09:04:01.158  INFO 16599 --- [    Test worker] .b.t.c.SpringBootTestContextBootstrapper : Using TestExecutionListeners: [org.springframework.test.context.web.ServletTestExecutionListener@6cf68b6b, org.springframework.test.context.support.DirtiesContextBeforeModesTestExecutionListener@73267079, org.springframework.boot.test.mock.mockito.MockitoTestExecutionListener@3a4ef2d3, org.springframework.boot.test.autoconfigure.SpringBootDependencyInjectionTestExecutionListener@473a25e8, org.springframework.test.context.support.DirtiesContextTestExecutionListener@1f4f43b7, org.springframework.test.context.transaction.TransactionalTestExecutionListener@5f2a5d9f, org.springframework.test.context.jdbc.SqlScriptsTestExecutionListener@123ff4c3, org.springframework.boot.test.autoconfigure.restdocs.RestDocsTestExecutionListener@43c8609, org.springframework.boot.test.autoconfigure.web.client.MockRestServiceServerResetTestExecutionListener@610b2fc2, org.springframework.boot.test.autoconfigure.web.servlet.MockMvcPrintOnlyOnFailureTestExecutionListener@6c4040d9, org.springframework.boot.test.autoconfigure.web.servlet.WebDriverTestExecutionListener@134287e, org.springframework.boot.test.mock.mockito.ResetMocksTestExecutionListener@61d8ea9f]
]]></system-out>
  <system-err><![CDATA[]]></system-err>
</testsuite>
